Determining if the include file arm_neon.h exists failed with the following output:
Change Dir: /home/suky/dev/ww1_game/build/CMakeFiles/CMakeTmp

Run Build Command(s):/usr/bin/gmake -f Makefile cmTC_20e0f/fast && /usr/bin/gmake  -f CMakeFiles/cmTC_20e0f.dir/build.make CMakeFiles/cmTC_20e0f.dir/build
gmake[1]: Entering directory '/home/suky/dev/ww1_game/build/CMakeFiles/CMakeTmp'
Building C object CMakeFiles/cmTC_20e0f.dir/CheckIncludeFile.c.o
/usr/bin/cc    -o CMakeFiles/cmTC_20e0f.dir/CheckIncludeFile.c.o -c /home/suky/dev/ww1_game/build/CMakeFiles/CMakeTmp/CheckIncludeFile.c
/home/suky/dev/ww1_game/build/CMakeFiles/CMakeTmp/CheckIncludeFile.c:1:10: fatal error: arm_neon.h: No such file or directory
    1 | #include <arm_neon.h>
      |          ^~~~~~~~~~~~
compilation terminated.
gmake[1]: *** [CMakeFiles/cmTC_20e0f.dir/build.make:78: CMakeFiles/cmTC_20e0f.dir/CheckIncludeFile.c.o] Error 1
gmake[1]: Leaving directory '/home/suky/dev/ww1_game/build/CMakeFiles/CMakeTmp'
gmake: *** [Makefile:127: cmTC_20e0f/fast] Error 2



Determining if the include file intrin.h exists failed with the following output:
Change Dir: /home/suky/dev/ww1_game/build/CMakeFiles/CMakeTmp

Run Build Command(s):/usr/bin/gmake -f Makefile cmTC_857b8/fast && /usr/bin/gmake  -f CMakeFiles/cmTC_857b8.dir/build.make CMakeFiles/cmTC_857b8.dir/build
gmake[1]: Entering directory '/home/suky/dev/ww1_game/build/CMakeFiles/CMakeTmp'
Building C object CMakeFiles/cmTC_857b8.dir/CheckIncludeFile.c.o
/usr/bin/cc    -o CMakeFiles/cmTC_857b8.dir/CheckIncludeFile.c.o -c /home/suky/dev/ww1_game/build/CMakeFiles/CMakeTmp/CheckIncludeFile.c
/home/suky/dev/ww1_game/build/CMakeFiles/CMakeTmp/CheckIncludeFile.c:1:10: fatal error: intrin.h: No such file or directory
    1 | #include <intrin.h>
      |          ^~~~~~~~~~
compilation terminated.
gmake[1]: *** [CMakeFiles/cmTC_857b8.dir/build.make:78: CMakeFiles/cmTC_857b8.dir/CheckIncludeFile.c.o] Error 1
gmake[1]: Leaving directory '/home/suky/dev/ww1_game/build/CMakeFiles/CMakeTmp'
gmake: *** [Makefile:127: cmTC_857b8/fast] Error 2



Determining if the include file guiddef.h exists failed with the following output:
Change Dir: /home/suky/dev/ww1_game/build/CMakeFiles/CMakeTmp

Run Build Command(s):/usr/bin/gmake -f Makefile cmTC_2a6ce/fast && /usr/bin/gmake  -f CMakeFiles/cmTC_2a6ce.dir/build.make CMakeFiles/cmTC_2a6ce.dir/build
gmake[1]: Entering directory '/home/suky/dev/ww1_game/build/CMakeFiles/CMakeTmp'
Building C object CMakeFiles/cmTC_2a6ce.dir/CheckIncludeFile.c.o
/usr/bin/cc    -o CMakeFiles/cmTC_2a6ce.dir/CheckIncludeFile.c.o -c /home/suky/dev/ww1_game/build/CMakeFiles/CMakeTmp/CheckIncludeFile.c
/home/suky/dev/ww1_game/build/CMakeFiles/CMakeTmp/CheckIncludeFile.c:1:10: fatal error: guiddef.h: No such file or directory
    1 | #include <guiddef.h>
      |          ^~~~~~~~~~~
compilation terminated.
gmake[1]: *** [CMakeFiles/cmTC_2a6ce.dir/build.make:78: CMakeFiles/cmTC_2a6ce.dir/CheckIncludeFile.c.o] Error 1
gmake[1]: Leaving directory '/home/suky/dev/ww1_game/build/CMakeFiles/CMakeTmp'
gmake: *** [Makefile:127: cmTC_2a6ce/fast] Error 2



Determining if the proc_pidpath exist failed with the following output:
Change Dir: /home/suky/dev/ww1_game/build/CMakeFiles/CMakeTmp

Run Build Command(s):/usr/bin/gmake -f Makefile cmTC_96a93/fast && /usr/bin/gmake  -f CMakeFiles/cmTC_96a93.dir/build.make CMakeFiles/cmTC_96a93.dir/build
gmake[1]: Entering directory '/home/suky/dev/ww1_game/build/CMakeFiles/CMakeTmp'
Building C object CMakeFiles/cmTC_96a93.dir/CheckSymbolExists.c.o
/usr/bin/cc    -o CMakeFiles/cmTC_96a93.dir/CheckSymbolExists.c.o -c /home/suky/dev/ww1_game/build/CMakeFiles/CMakeTmp/CheckSymbolExists.c
/home/suky/dev/ww1_game/build/CMakeFiles/CMakeTmp/CheckSymbolExists.c:2:10: fatal error: libproc.h: No such file or directory
    2 | #include <libproc.h>
      |          ^~~~~~~~~~~
compilation terminated.
gmake[1]: *** [CMakeFiles/cmTC_96a93.dir/build.make:78: CMakeFiles/cmTC_96a93.dir/CheckSymbolExists.c.o] Error 1
gmake[1]: Leaving directory '/home/suky/dev/ww1_game/build/CMakeFiles/CMakeTmp'
gmake: *** [Makefile:127: cmTC_96a93/fast] Error 2


File /home/suky/dev/ww1_game/build/CMakeFiles/CMakeTmp/CheckSymbolExists.c:
/* */
#include <libproc.h>

int main(int argc, char** argv)
{
  (void)argv;
#ifndef proc_pidpath
  return ((int*)(&proc_pidpath))[argc];
#else
  (void)argc;
  return 0;
#endif
}
Determining if files pthread.h;pthread_np.h exist failed with the following output:
Change Dir: /home/suky/dev/ww1_game/build/CMakeFiles/CMakeTmp

Run Build Command(s):/usr/bin/gmake -f Makefile cmTC_46b99/fast && /usr/bin/gmake  -f CMakeFiles/cmTC_46b99.dir/build.make CMakeFiles/cmTC_46b99.dir/build
gmake[1]: Entering directory '/home/suky/dev/ww1_game/build/CMakeFiles/CMakeTmp'
Building C object CMakeFiles/cmTC_46b99.dir/HAVE_PTHREAD_NP_H.c.o
/usr/bin/cc   -pthread -o CMakeFiles/cmTC_46b99.dir/HAVE_PTHREAD_NP_H.c.o -c /home/suky/dev/ww1_game/build/CMakeFiles/CheckIncludeFiles/HAVE_PTHREAD_NP_H.c
/home/suky/dev/ww1_game/build/CMakeFiles/CheckIncludeFiles/HAVE_PTHREAD_NP_H.c:3:10: fatal error: pthread_np.h: No such file or directory
    3 | #include <pthread_np.h>
      |          ^~~~~~~~~~~~~~
compilation terminated.
gmake[1]: *** [CMakeFiles/cmTC_46b99.dir/build.make:78: CMakeFiles/cmTC_46b99.dir/HAVE_PTHREAD_NP_H.c.o] Error 1
gmake[1]: Leaving directory '/home/suky/dev/ww1_game/build/CMakeFiles/CMakeTmp'
gmake: *** [Makefile:127: cmTC_46b99/fast] Error 2


Source:
/* */
#include <pthread.h>
#include <pthread_np.h>


int main(void){return 0;}

Determining if the pthread_setname_np exist failed with the following output:
Change Dir: /home/suky/dev/ww1_game/build/CMakeFiles/CMakeTmp

Run Build Command(s):/usr/bin/gmake -f Makefile cmTC_d58d9/fast && /usr/bin/gmake  -f CMakeFiles/cmTC_d58d9.dir/build.make CMakeFiles/cmTC_d58d9.dir/build
gmake[1]: Entering directory '/home/suky/dev/ww1_game/build/CMakeFiles/CMakeTmp'
Building C object CMakeFiles/cmTC_d58d9.dir/CheckSymbolExists.c.o
/usr/bin/cc   -pthread -o CMakeFiles/cmTC_d58d9.dir/CheckSymbolExists.c.o -c /home/suky/dev/ww1_game/build/CMakeFiles/CMakeTmp/CheckSymbolExists.c
/home/suky/dev/ww1_game/build/CMakeFiles/CMakeTmp/CheckSymbolExists.c: In function ‘main’:
/home/suky/dev/ww1_game/build/CMakeFiles/CMakeTmp/CheckSymbolExists.c:8:19: error: ‘pthread_setname_np’ undeclared (first use in this function); did you mean ‘pthread_setcanceltype’?
    8 |   return ((int*)(&pthread_setname_np))[argc];
      |                   ^~~~~~~~~~~~~~~~~~
      |                   pthread_setcanceltype
/home/suky/dev/ww1_game/build/CMakeFiles/CMakeTmp/CheckSymbolExists.c:8:19: note: each undeclared identifier is reported only once for each function it appears in
gmake[1]: *** [CMakeFiles/cmTC_d58d9.dir/build.make:78: CMakeFiles/cmTC_d58d9.dir/CheckSymbolExists.c.o] Error 1
gmake[1]: Leaving directory '/home/suky/dev/ww1_game/build/CMakeFiles/CMakeTmp'
gmake: *** [Makefile:127: cmTC_d58d9/fast] Error 2


File /home/suky/dev/ww1_game/build/CMakeFiles/CMakeTmp/CheckSymbolExists.c:
/* */
#include <pthread.h>

int main(int argc, char** argv)
{
  (void)argv;
#ifndef pthread_setname_np
  return ((int*)(&pthread_setname_np))[argc];
#else
  (void)argc;
  return 0;
#endif
}
Determining if the pthread_set_name_np exist failed with the following output:
Change Dir: /home/suky/dev/ww1_game/build/CMakeFiles/CMakeTmp

Run Build Command(s):/usr/bin/gmake -f Makefile cmTC_4c263/fast && /usr/bin/gmake  -f CMakeFiles/cmTC_4c263.dir/build.make CMakeFiles/cmTC_4c263.dir/build
gmake[1]: Entering directory '/home/suky/dev/ww1_game/build/CMakeFiles/CMakeTmp'
Building C object CMakeFiles/cmTC_4c263.dir/CheckSymbolExists.c.o
/usr/bin/cc   -pthread -o CMakeFiles/cmTC_4c263.dir/CheckSymbolExists.c.o -c /home/suky/dev/ww1_game/build/CMakeFiles/CMakeTmp/CheckSymbolExists.c
/home/suky/dev/ww1_game/build/CMakeFiles/CMakeTmp/CheckSymbolExists.c: In function ‘main’:
/home/suky/dev/ww1_game/build/CMakeFiles/CMakeTmp/CheckSymbolExists.c:8:19: error: ‘pthread_set_name_np’ undeclared (first use in this function); did you mean ‘pthread_setcanceltype’?
    8 |   return ((int*)(&pthread_set_name_np))[argc];
      |                   ^~~~~~~~~~~~~~~~~~~
      |                   pthread_setcanceltype
/home/suky/dev/ww1_game/build/CMakeFiles/CMakeTmp/CheckSymbolExists.c:8:19: note: each undeclared identifier is reported only once for each function it appears in
gmake[1]: *** [CMakeFiles/cmTC_4c263.dir/build.make:78: CMakeFiles/cmTC_4c263.dir/CheckSymbolExists.c.o] Error 1
gmake[1]: Leaving directory '/home/suky/dev/ww1_game/build/CMakeFiles/CMakeTmp'
gmake: *** [Makefile:127: cmTC_4c263/fast] Error 2


File /home/suky/dev/ww1_game/build/CMakeFiles/CMakeTmp/CheckSymbolExists.c:
/* */
#include <pthread.h>

int main(int argc, char** argv)
{
  (void)argv;
#ifndef pthread_set_name_np
  return ((int*)(&pthread_set_name_np))[argc];
#else
  (void)argc;
  return 0;
#endif
}
Determining if the include file arm_neon.h exists failed with the following output:
Change Dir: /home/suky/dev/ww1_game/build/CMakeFiles/CMakeTmp

Run Build Command(s):/usr/bin/gmake -f Makefile cmTC_75a12/fast && /usr/bin/gmake  -f CMakeFiles/cmTC_75a12.dir/build.make CMakeFiles/cmTC_75a12.dir/build
gmake[1]: Entering directory '/home/suky/dev/ww1_game/build/CMakeFiles/CMakeTmp'
Building C object CMakeFiles/cmTC_75a12.dir/CheckIncludeFile.c.o
/usr/bin/cc    -o CMakeFiles/cmTC_75a12.dir/CheckIncludeFile.c.o -c /home/suky/dev/ww1_game/build/CMakeFiles/CMakeTmp/CheckIncludeFile.c
/home/suky/dev/ww1_game/build/CMakeFiles/CMakeTmp/CheckIncludeFile.c:1:10: fatal error: arm_neon.h: No such file or directory
    1 | #include <arm_neon.h>
      |          ^~~~~~~~~~~~
compilation terminated.
gmake[1]: *** [CMakeFiles/cmTC_75a12.dir/build.make:78: CMakeFiles/cmTC_75a12.dir/CheckIncludeFile.c.o] Error 1
gmake[1]: Leaving directory '/home/suky/dev/ww1_game/build/CMakeFiles/CMakeTmp'
gmake: *** [Makefile:127: cmTC_75a12/fast] Error 2



Determining if the include file intrin.h exists failed with the following output:
Change Dir: /home/suky/dev/ww1_game/build/CMakeFiles/CMakeTmp

Run Build Command(s):/usr/bin/gmake -f Makefile cmTC_f1a98/fast && /usr/bin/gmake  -f CMakeFiles/cmTC_f1a98.dir/build.make CMakeFiles/cmTC_f1a98.dir/build
gmake[1]: Entering directory '/home/suky/dev/ww1_game/build/CMakeFiles/CMakeTmp'
Building C object CMakeFiles/cmTC_f1a98.dir/CheckIncludeFile.c.o
/usr/bin/cc    -o CMakeFiles/cmTC_f1a98.dir/CheckIncludeFile.c.o -c /home/suky/dev/ww1_game/build/CMakeFiles/CMakeTmp/CheckIncludeFile.c
/home/suky/dev/ww1_game/build/CMakeFiles/CMakeTmp/CheckIncludeFile.c:1:10: fatal error: intrin.h: No such file or directory
    1 | #include <intrin.h>
      |          ^~~~~~~~~~
compilation terminated.
gmake[1]: *** [CMakeFiles/cmTC_f1a98.dir/build.make:78: CMakeFiles/cmTC_f1a98.dir/CheckIncludeFile.c.o] Error 1
gmake[1]: Leaving directory '/home/suky/dev/ww1_game/build/CMakeFiles/CMakeTmp'
gmake: *** [Makefile:127: cmTC_f1a98/fast] Error 2



Determining if the include file guiddef.h exists failed with the following output:
Change Dir: /home/suky/dev/ww1_game/build/CMakeFiles/CMakeTmp

Run Build Command(s):/usr/bin/gmake -f Makefile cmTC_071d6/fast && /usr/bin/gmake  -f CMakeFiles/cmTC_071d6.dir/build.make CMakeFiles/cmTC_071d6.dir/build
gmake[1]: Entering directory '/home/suky/dev/ww1_game/build/CMakeFiles/CMakeTmp'
Building C object CMakeFiles/cmTC_071d6.dir/CheckIncludeFile.c.o
/usr/bin/cc    -o CMakeFiles/cmTC_071d6.dir/CheckIncludeFile.c.o -c /home/suky/dev/ww1_game/build/CMakeFiles/CMakeTmp/CheckIncludeFile.c
/home/suky/dev/ww1_game/build/CMakeFiles/CMakeTmp/CheckIncludeFile.c:1:10: fatal error: guiddef.h: No such file or directory
    1 | #include <guiddef.h>
      |          ^~~~~~~~~~~
compilation terminated.
gmake[1]: *** [CMakeFiles/cmTC_071d6.dir/build.make:78: CMakeFiles/cmTC_071d6.dir/CheckIncludeFile.c.o] Error 1
gmake[1]: Leaving directory '/home/suky/dev/ww1_game/build/CMakeFiles/CMakeTmp'
gmake: *** [Makefile:127: cmTC_071d6/fast] Error 2



Determining if the proc_pidpath exist failed with the following output:
Change Dir: /home/suky/dev/ww1_game/build/CMakeFiles/CMakeTmp

Run Build Command(s):/usr/bin/gmake -f Makefile cmTC_7baef/fast && /usr/bin/gmake  -f CMakeFiles/cmTC_7baef.dir/build.make CMakeFiles/cmTC_7baef.dir/build
gmake[1]: Entering directory '/home/suky/dev/ww1_game/build/CMakeFiles/CMakeTmp'
Building C object CMakeFiles/cmTC_7baef.dir/CheckSymbolExists.c.o
/usr/bin/cc    -o CMakeFiles/cmTC_7baef.dir/CheckSymbolExists.c.o -c /home/suky/dev/ww1_game/build/CMakeFiles/CMakeTmp/CheckSymbolExists.c
/home/suky/dev/ww1_game/build/CMakeFiles/CMakeTmp/CheckSymbolExists.c:2:10: fatal error: libproc.h: No such file or directory
    2 | #include <libproc.h>
      |          ^~~~~~~~~~~
compilation terminated.
gmake[1]: *** [CMakeFiles/cmTC_7baef.dir/build.make:78: CMakeFiles/cmTC_7baef.dir/CheckSymbolExists.c.o] Error 1
gmake[1]: Leaving directory '/home/suky/dev/ww1_game/build/CMakeFiles/CMakeTmp'
gmake: *** [Makefile:127: cmTC_7baef/fast] Error 2


File /home/suky/dev/ww1_game/build/CMakeFiles/CMakeTmp/CheckSymbolExists.c:
/* */
#include <libproc.h>

int main(int argc, char** argv)
{
  (void)argv;
#ifndef proc_pidpath
  return ((int*)(&proc_pidpath))[argc];
#else
  (void)argc;
  return 0;
#endif
}
Determining if files pthread.h;pthread_np.h exist failed with the following output:
Change Dir: /home/suky/dev/ww1_game/build/CMakeFiles/CMakeTmp

Run Build Command(s):/usr/bin/gmake -f Makefile cmTC_eb53e/fast && /usr/bin/gmake  -f CMakeFiles/cmTC_eb53e.dir/build.make CMakeFiles/cmTC_eb53e.dir/build
gmake[1]: Entering directory '/home/suky/dev/ww1_game/build/CMakeFiles/CMakeTmp'
Building C object CMakeFiles/cmTC_eb53e.dir/HAVE_PTHREAD_NP_H.c.o
/usr/bin/cc   -pthread -o CMakeFiles/cmTC_eb53e.dir/HAVE_PTHREAD_NP_H.c.o -c /home/suky/dev/ww1_game/build/CMakeFiles/CheckIncludeFiles/HAVE_PTHREAD_NP_H.c
/home/suky/dev/ww1_game/build/CMakeFiles/CheckIncludeFiles/HAVE_PTHREAD_NP_H.c:3:10: fatal error: pthread_np.h: No such file or directory
    3 | #include <pthread_np.h>
      |          ^~~~~~~~~~~~~~
compilation terminated.
gmake[1]: *** [CMakeFiles/cmTC_eb53e.dir/build.make:78: CMakeFiles/cmTC_eb53e.dir/HAVE_PTHREAD_NP_H.c.o] Error 1
gmake[1]: Leaving directory '/home/suky/dev/ww1_game/build/CMakeFiles/CMakeTmp'
gmake: *** [Makefile:127: cmTC_eb53e/fast] Error 2


Source:
/* */
#include <pthread.h>
#include <pthread_np.h>


int main(void){return 0;}

Determining if the pthread_setname_np exist failed with the following output:
Change Dir: /home/suky/dev/ww1_game/build/CMakeFiles/CMakeTmp

Run Build Command(s):/usr/bin/gmake -f Makefile cmTC_f848f/fast && /usr/bin/gmake  -f CMakeFiles/cmTC_f848f.dir/build.make CMakeFiles/cmTC_f848f.dir/build
gmake[1]: Entering directory '/home/suky/dev/ww1_game/build/CMakeFiles/CMakeTmp'
Building C object CMakeFiles/cmTC_f848f.dir/CheckSymbolExists.c.o
/usr/bin/cc   -pthread -o CMakeFiles/cmTC_f848f.dir/CheckSymbolExists.c.o -c /home/suky/dev/ww1_game/build/CMakeFiles/CMakeTmp/CheckSymbolExists.c
/home/suky/dev/ww1_game/build/CMakeFiles/CMakeTmp/CheckSymbolExists.c: In function ‘main’:
/home/suky/dev/ww1_game/build/CMakeFiles/CMakeTmp/CheckSymbolExists.c:8:19: error: ‘pthread_setname_np’ undeclared (first use in this function); did you mean ‘pthread_setcanceltype’?
    8 |   return ((int*)(&pthread_setname_np))[argc];
      |                   ^~~~~~~~~~~~~~~~~~
      |                   pthread_setcanceltype
/home/suky/dev/ww1_game/build/CMakeFiles/CMakeTmp/CheckSymbolExists.c:8:19: note: each undeclared identifier is reported only once for each function it appears in
gmake[1]: *** [CMakeFiles/cmTC_f848f.dir/build.make:78: CMakeFiles/cmTC_f848f.dir/CheckSymbolExists.c.o] Error 1
gmake[1]: Leaving directory '/home/suky/dev/ww1_game/build/CMakeFiles/CMakeTmp'
gmake: *** [Makefile:127: cmTC_f848f/fast] Error 2


File /home/suky/dev/ww1_game/build/CMakeFiles/CMakeTmp/CheckSymbolExists.c:
/* */
#include <pthread.h>

int main(int argc, char** argv)
{
  (void)argv;
#ifndef pthread_setname_np
  return ((int*)(&pthread_setname_np))[argc];
#else
  (void)argc;
  return 0;
#endif
}
Determining if the pthread_set_name_np exist failed with the following output:
Change Dir: /home/suky/dev/ww1_game/build/CMakeFiles/CMakeTmp

Run Build Command(s):/usr/bin/gmake -f Makefile cmTC_76fda/fast && /usr/bin/gmake  -f CMakeFiles/cmTC_76fda.dir/build.make CMakeFiles/cmTC_76fda.dir/build
gmake[1]: Entering directory '/home/suky/dev/ww1_game/build/CMakeFiles/CMakeTmp'
Building C object CMakeFiles/cmTC_76fda.dir/CheckSymbolExists.c.o
/usr/bin/cc   -pthread -o CMakeFiles/cmTC_76fda.dir/CheckSymbolExists.c.o -c /home/suky/dev/ww1_game/build/CMakeFiles/CMakeTmp/CheckSymbolExists.c
/home/suky/dev/ww1_game/build/CMakeFiles/CMakeTmp/CheckSymbolExists.c: In function ‘main’:
/home/suky/dev/ww1_game/build/CMakeFiles/CMakeTmp/CheckSymbolExists.c:8:19: error: ‘pthread_set_name_np’ undeclared (first use in this function); did you mean ‘pthread_setcanceltype’?
    8 |   return ((int*)(&pthread_set_name_np))[argc];
      |                   ^~~~~~~~~~~~~~~~~~~
      |                   pthread_setcanceltype
/home/suky/dev/ww1_game/build/CMakeFiles/CMakeTmp/CheckSymbolExists.c:8:19: note: each undeclared identifier is reported only once for each function it appears in
gmake[1]: *** [CMakeFiles/cmTC_76fda.dir/build.make:78: CMakeFiles/cmTC_76fda.dir/CheckSymbolExists.c.o] Error 1
gmake[1]: Leaving directory '/home/suky/dev/ww1_game/build/CMakeFiles/CMakeTmp'
gmake: *** [Makefile:127: cmTC_76fda/fast] Error 2


File /home/suky/dev/ww1_game/build/CMakeFiles/CMakeTmp/CheckSymbolExists.c:
/* */
#include <pthread.h>

int main(int argc, char** argv)
{
  (void)argv;
#ifndef pthread_set_name_np
  return ((int*)(&pthread_set_name_np))[argc];
#else
  (void)argc;
  return 0;
#endif
}
Determining if the include file arm_neon.h exists failed with the following output:
Change Dir: /home/suky/dev/ww1_game/build/CMakeFiles/CMakeTmp

Run Build Command(s):/usr/bin/gmake -f Makefile cmTC_bd64d/fast && /usr/bin/gmake  -f CMakeFiles/cmTC_bd64d.dir/build.make CMakeFiles/cmTC_bd64d.dir/build
gmake[1]: Entering directory '/home/suky/dev/ww1_game/build/CMakeFiles/CMakeTmp'
Building C object CMakeFiles/cmTC_bd64d.dir/CheckIncludeFile.c.o
/usr/bin/cc    -o CMakeFiles/cmTC_bd64d.dir/CheckIncludeFile.c.o -c /home/suky/dev/ww1_game/build/CMakeFiles/CMakeTmp/CheckIncludeFile.c
/home/suky/dev/ww1_game/build/CMakeFiles/CMakeTmp/CheckIncludeFile.c:1:10: fatal error: arm_neon.h: No such file or directory
    1 | #include <arm_neon.h>
      |          ^~~~~~~~~~~~
compilation terminated.
gmake[1]: *** [CMakeFiles/cmTC_bd64d.dir/build.make:78: CMakeFiles/cmTC_bd64d.dir/CheckIncludeFile.c.o] Error 1
gmake[1]: Leaving directory '/home/suky/dev/ww1_game/build/CMakeFiles/CMakeTmp'
gmake: *** [Makefile:127: cmTC_bd64d/fast] Error 2



Determining if the include file intrin.h exists failed with the following output:
Change Dir: /home/suky/dev/ww1_game/build/CMakeFiles/CMakeTmp

Run Build Command(s):/usr/bin/gmake -f Makefile cmTC_099b4/fast && /usr/bin/gmake  -f CMakeFiles/cmTC_099b4.dir/build.make CMakeFiles/cmTC_099b4.dir/build
gmake[1]: Entering directory '/home/suky/dev/ww1_game/build/CMakeFiles/CMakeTmp'
Building C object CMakeFiles/cmTC_099b4.dir/CheckIncludeFile.c.o
/usr/bin/cc    -o CMakeFiles/cmTC_099b4.dir/CheckIncludeFile.c.o -c /home/suky/dev/ww1_game/build/CMakeFiles/CMakeTmp/CheckIncludeFile.c
/home/suky/dev/ww1_game/build/CMakeFiles/CMakeTmp/CheckIncludeFile.c:1:10: fatal error: intrin.h: No such file or directory
    1 | #include <intrin.h>
      |          ^~~~~~~~~~
compilation terminated.
gmake[1]: *** [CMakeFiles/cmTC_099b4.dir/build.make:78: CMakeFiles/cmTC_099b4.dir/CheckIncludeFile.c.o] Error 1
gmake[1]: Leaving directory '/home/suky/dev/ww1_game/build/CMakeFiles/CMakeTmp'
gmake: *** [Makefile:127: cmTC_099b4/fast] Error 2



Determining if the include file guiddef.h exists failed with the following output:
Change Dir: /home/suky/dev/ww1_game/build/CMakeFiles/CMakeTmp

Run Build Command(s):/usr/bin/gmake -f Makefile cmTC_de864/fast && /usr/bin/gmake  -f CMakeFiles/cmTC_de864.dir/build.make CMakeFiles/cmTC_de864.dir/build
gmake[1]: Entering directory '/home/suky/dev/ww1_game/build/CMakeFiles/CMakeTmp'
Building C object CMakeFiles/cmTC_de864.dir/CheckIncludeFile.c.o
/usr/bin/cc    -o CMakeFiles/cmTC_de864.dir/CheckIncludeFile.c.o -c /home/suky/dev/ww1_game/build/CMakeFiles/CMakeTmp/CheckIncludeFile.c
/home/suky/dev/ww1_game/build/CMakeFiles/CMakeTmp/CheckIncludeFile.c:1:10: fatal error: guiddef.h: No such file or directory
    1 | #include <guiddef.h>
      |          ^~~~~~~~~~~
compilation terminated.
gmake[1]: *** [CMakeFiles/cmTC_de864.dir/build.make:78: CMakeFiles/cmTC_de864.dir/CheckIncludeFile.c.o] Error 1
gmake[1]: Leaving directory '/home/suky/dev/ww1_game/build/CMakeFiles/CMakeTmp'
gmake: *** [Makefile:127: cmTC_de864/fast] Error 2



Determining if the proc_pidpath exist failed with the following output:
Change Dir: /home/suky/dev/ww1_game/build/CMakeFiles/CMakeTmp

Run Build Command(s):/usr/bin/gmake -f Makefile cmTC_d6389/fast && /usr/bin/gmake  -f CMakeFiles/cmTC_d6389.dir/build.make CMakeFiles/cmTC_d6389.dir/build
gmake[1]: Entering directory '/home/suky/dev/ww1_game/build/CMakeFiles/CMakeTmp'
Building C object CMakeFiles/cmTC_d6389.dir/CheckSymbolExists.c.o
/usr/bin/cc    -o CMakeFiles/cmTC_d6389.dir/CheckSymbolExists.c.o -c /home/suky/dev/ww1_game/build/CMakeFiles/CMakeTmp/CheckSymbolExists.c
/home/suky/dev/ww1_game/build/CMakeFiles/CMakeTmp/CheckSymbolExists.c:2:10: fatal error: libproc.h: No such file or directory
    2 | #include <libproc.h>
      |          ^~~~~~~~~~~
compilation terminated.
gmake[1]: *** [CMakeFiles/cmTC_d6389.dir/build.make:78: CMakeFiles/cmTC_d6389.dir/CheckSymbolExists.c.o] Error 1
gmake[1]: Leaving directory '/home/suky/dev/ww1_game/build/CMakeFiles/CMakeTmp'
gmake: *** [Makefile:127: cmTC_d6389/fast] Error 2


File /home/suky/dev/ww1_game/build/CMakeFiles/CMakeTmp/CheckSymbolExists.c:
/* */
#include <libproc.h>

int main(int argc, char** argv)
{
  (void)argv;
#ifndef proc_pidpath
  return ((int*)(&proc_pidpath))[argc];
#else
  (void)argc;
  return 0;
#endif
}
Determining if files pthread.h;pthread_np.h exist failed with the following output:
Change Dir: /home/suky/dev/ww1_game/build/CMakeFiles/CMakeTmp

Run Build Command(s):/usr/bin/gmake -f Makefile cmTC_40879/fast && /usr/bin/gmake  -f CMakeFiles/cmTC_40879.dir/build.make CMakeFiles/cmTC_40879.dir/build
gmake[1]: Entering directory '/home/suky/dev/ww1_game/build/CMakeFiles/CMakeTmp'
Building C object CMakeFiles/cmTC_40879.dir/HAVE_PTHREAD_NP_H.c.o
/usr/bin/cc   -pthread -o CMakeFiles/cmTC_40879.dir/HAVE_PTHREAD_NP_H.c.o -c /home/suky/dev/ww1_game/build/CMakeFiles/CheckIncludeFiles/HAVE_PTHREAD_NP_H.c
/home/suky/dev/ww1_game/build/CMakeFiles/CheckIncludeFiles/HAVE_PTHREAD_NP_H.c:3:10: fatal error: pthread_np.h: No such file or directory
    3 | #include <pthread_np.h>
      |          ^~~~~~~~~~~~~~
compilation terminated.
gmake[1]: *** [CMakeFiles/cmTC_40879.dir/build.make:78: CMakeFiles/cmTC_40879.dir/HAVE_PTHREAD_NP_H.c.o] Error 1
gmake[1]: Leaving directory '/home/suky/dev/ww1_game/build/CMakeFiles/CMakeTmp'
gmake: *** [Makefile:127: cmTC_40879/fast] Error 2


Source:
/* */
#include <pthread.h>
#include <pthread_np.h>


int main(void){return 0;}

Determining if the pthread_setname_np exist failed with the following output:
Change Dir: /home/suky/dev/ww1_game/build/CMakeFiles/CMakeTmp

Run Build Command(s):/usr/bin/gmake -f Makefile cmTC_b1b9a/fast && /usr/bin/gmake  -f CMakeFiles/cmTC_b1b9a.dir/build.make CMakeFiles/cmTC_b1b9a.dir/build
gmake[1]: Entering directory '/home/suky/dev/ww1_game/build/CMakeFiles/CMakeTmp'
Building C object CMakeFiles/cmTC_b1b9a.dir/CheckSymbolExists.c.o
/usr/bin/cc   -pthread -o CMakeFiles/cmTC_b1b9a.dir/CheckSymbolExists.c.o -c /home/suky/dev/ww1_game/build/CMakeFiles/CMakeTmp/CheckSymbolExists.c
/home/suky/dev/ww1_game/build/CMakeFiles/CMakeTmp/CheckSymbolExists.c: In function ‘main’:
/home/suky/dev/ww1_game/build/CMakeFiles/CMakeTmp/CheckSymbolExists.c:8:19: error: ‘pthread_setname_np’ undeclared (first use in this function); did you mean ‘pthread_setcanceltype’?
    8 |   return ((int*)(&pthread_setname_np))[argc];
      |                   ^~~~~~~~~~~~~~~~~~
      |                   pthread_setcanceltype
/home/suky/dev/ww1_game/build/CMakeFiles/CMakeTmp/CheckSymbolExists.c:8:19: note: each undeclared identifier is reported only once for each function it appears in
gmake[1]: *** [CMakeFiles/cmTC_b1b9a.dir/build.make:78: CMakeFiles/cmTC_b1b9a.dir/CheckSymbolExists.c.o] Error 1
gmake[1]: Leaving directory '/home/suky/dev/ww1_game/build/CMakeFiles/CMakeTmp'
gmake: *** [Makefile:127: cmTC_b1b9a/fast] Error 2


File /home/suky/dev/ww1_game/build/CMakeFiles/CMakeTmp/CheckSymbolExists.c:
/* */
#include <pthread.h>

int main(int argc, char** argv)
{
  (void)argv;
#ifndef pthread_setname_np
  return ((int*)(&pthread_setname_np))[argc];
#else
  (void)argc;
  return 0;
#endif
}
Determining if the pthread_set_name_np exist failed with the following output:
Change Dir: /home/suky/dev/ww1_game/build/CMakeFiles/CMakeTmp

Run Build Command(s):/usr/bin/gmake -f Makefile cmTC_7344a/fast && /usr/bin/gmake  -f CMakeFiles/cmTC_7344a.dir/build.make CMakeFiles/cmTC_7344a.dir/build
gmake[1]: Entering directory '/home/suky/dev/ww1_game/build/CMakeFiles/CMakeTmp'
Building C object CMakeFiles/cmTC_7344a.dir/CheckSymbolExists.c.o
/usr/bin/cc   -pthread -o CMakeFiles/cmTC_7344a.dir/CheckSymbolExists.c.o -c /home/suky/dev/ww1_game/build/CMakeFiles/CMakeTmp/CheckSymbolExists.c
/home/suky/dev/ww1_game/build/CMakeFiles/CMakeTmp/CheckSymbolExists.c: In function ‘main’:
/home/suky/dev/ww1_game/build/CMakeFiles/CMakeTmp/CheckSymbolExists.c:8:19: error: ‘pthread_set_name_np’ undeclared (first use in this function); did you mean ‘pthread_setcanceltype’?
    8 |   return ((int*)(&pthread_set_name_np))[argc];
      |                   ^~~~~~~~~~~~~~~~~~~
      |                   pthread_setcanceltype
/home/suky/dev/ww1_game/build/CMakeFiles/CMakeTmp/CheckSymbolExists.c:8:19: note: each undeclared identifier is reported only once for each function it appears in
gmake[1]: *** [CMakeFiles/cmTC_7344a.dir/build.make:78: CMakeFiles/cmTC_7344a.dir/CheckSymbolExists.c.o] Error 1
gmake[1]: Leaving directory '/home/suky/dev/ww1_game/build/CMakeFiles/CMakeTmp'
gmake: *** [Makefile:127: cmTC_7344a/fast] Error 2


File /home/suky/dev/ww1_game/build/CMakeFiles/CMakeTmp/CheckSymbolExists.c:
/* */
#include <pthread.h>

int main(int argc, char** argv)
{
  (void)argv;
#ifndef pthread_set_name_np
  return ((int*)(&pthread_set_name_np))[argc];
#else
  (void)argc;
  return 0;
#endif
}
